
> test-example@0.1.0 build
> next build

Γû▓ Next.js 16.1.1 (Turbopack)
- Environments: .env

ΓÜá The "middleware" file convention is deprecated. Please use "proxy" instead. Learn more: https://nextjs.org/docs/messages/middleware-to-proxy
  Creating an optimized production build ...

> Build error occurred
Error: Turbopack build failed with 6 errors:
./src/app/(dashboard)/dashboard/test/[id]/summary/page.tsx:8:1
Parsing ecmascript source code failed
   6 | import { Button } from "@/components/ui/button";
   7 | import { Badge } from "@/components/ui/badge";
>  8 | <<<<<<< HEAD
     | ^^^^^^^
   9 | import { Loader2, Trophy, TrendingUp, TrendingDown, ArrowLeft, RotateCcw, CheckCircle2 } from "lucide-react";
  10 | import { motion } from "framer-motion";
  11 | import { parseJsonSafely } from "@/lib/fetch-utils";

Merge conflict marker encountered.


./src/app/(dashboard)/dashboard/test/[id]/summary/page.tsx:12:1
Parsing ecmascript source code failed
  10 | import { motion } from "framer-motion";
  11 | import { parseJsonSafely } from "@/lib/fetch-utils";
> 12 | =======
     | ^^^^^^^
  13 | import {
  14 |   Loader2, Trophy, TrendingUp, TrendingDown,
  15 |   ArrowLeft, RotateCcw, Sparkles, BrainCircuit, ChevronRight

Merge conflict marker encountered.


./src/app/(dashboard)/dashboard/test/[id]/summary/page.tsx:18:1
Parsing ecmascript source code failed
  16 | } from "lucide-react";
  17 | import { motion, AnimatePresence } from "framer-motion";
> 18 | >>>>>>> f0dbe6d15135f773d29cddfa3dbed03eb5139cd1
     | ^^^^^^^
  19 |
  20 | interface SubtopicProgress {
  21 |   id: string;

Merge conflict marker encountered.


./src/app/(dashboard)/dashboard/test/[id]/summary/page.tsx:50:1
Parsing ecmascript source code failed
  48 |     params.then(({ id }) => {
  49 |       setTestId(id);
> 50 | <<<<<<< HEAD
     | ^^^^^^^
  51 |
  52 |       // Fetch test details
  53 |       fetch(`/api/tests?id=${id}`)

Merge conflict marker encountered.


./src/app/(dashboard)/dashboard/test/[id]/summary/page.tsx:72:1
Parsing ecmascript source code failed
  70 |         .catch(err => console.error('Failed to fetch subtopics:', err))
  71 |         .finally(() => setLoading(false));
> 72 | =======
     | ^^^^^^^
  73 |       fetch(`/api/tests?id=${id}`).then(res => res.json()).then(data => data.test && setTestTitle(data.test.title));
  74 |       fetch(`/api/tests/${id}/subtopics`).then(res => res.json()).then(data => {
  75 |         if (data.subtopics) setSubtopics(data.subtopics.filter((s: any) => s.progress?.completed));

Merge conflict marker encountered.


./src/app/(dashboard)/dashboard/test/[id]/summary/page.tsx:77:1
Parsing ecmascript source code failed
  75 |         if (data.subtopics) setSubtopics(data.subtopics.filter((s: any) => s.progress?.completed));
  76 |       }).finally(() => setLoading(false));
> 77 | >>>>>>> f0dbe6d15135f773d29cddfa3dbed03eb5139cd1
     | ^^^^^^^
  78 |     });
  79 |   }, [params]);
  80 |

Merge conflict marker encountered.


    at <unknown> (./src/app/(dashboard)/dashboard/test/[id]/summary/page.tsx:8:1)
    at <unknown> (./src/app/(dashboard)/dashboard/test/[id]/summary/page.tsx:12:1)
    at <unknown> (./src/app/(dashboard)/dashboard/test/[id]/summary/page.tsx:18:1)
    at <unknown> (./src/app/(dashboard)/dashboard/test/[id]/summary/page.tsx:50:1)
    at <unknown> (./src/app/(dashboard)/dashboard/test/[id]/summary/page.tsx:72:1)
    at <unknown> (./src/app/(dashboard)/dashboard/test/[id]/summary/page.tsx:77:1)
